The system is: Linux - 2.6.32-696.23.1.el6.x86_64 - x86_64
Compiling the C compiler identification source file "CMakeCCompilerId.c" succeeded.
Compiler: /cvmfs/atlas.cern.ch/repo/sw/software/21.2/sw/lcg/releases/gcc/6.2binutils/x86_64-slc6-gcc62-opt/bin/gcc 
Build flags: 
Id flags:  

The output was:
0


Compilation of the C compiler identification source "CMakeCCompilerId.c" produced "a.out"

The C compiler identification is GNU, found in "/afs/cern.ch/user/a/akotsoke/directory/build/CMakeFiles/3.11.0/CompilerIdC/a.out"

Compiling the CXX compiler identification source file "CMakeCXXCompilerId.cpp" succeeded.
Compiler: /cvmfs/atlas.cern.ch/repo/sw/software/21.2/sw/lcg/releases/gcc/6.2binutils/x86_64-slc6-gcc62-opt/bin/g++ 
Build flags: 
Id flags:  

The output was:
0


Compilation of the CXX compiler identification source "CMakeCXXCompilerId.cpp" produced "a.out"

The CXX compiler identification is GNU, found in "/afs/cern.ch/user/a/akotsoke/directory/build/CMakeFiles/3.11.0/CompilerIdCXX/a.out"

Determining if the C compiler works passed with the following output:
Change Dir: /afs/cern.ch/user/a/akotsoke/directory/build/CMakeFiles/CMakeTmp

Run Build Command:"/usr/bin/gmake" "cmTC_5a979/fast"
/usr/bin/gmake -f CMakeFiles/cmTC_5a979.dir/build.make CMakeFiles/cmTC_5a979.dir/build
gmake[1]: Entering directory `/afs/cern.ch/user/a/akotsoke/directory/build/CMakeFiles/CMakeTmp'
Building C object CMakeFiles/cmTC_5a979.dir/testCCompiler.c.o
/cvmfs/atlas.cern.ch/repo/sw/software/21.2/sw/lcg/releases/gcc/6.2binutils/x86_64-slc6-gcc62-opt/bin/gcc    -o CMakeFiles/cmTC_5a979.dir/testCCompiler.c.o   -c /afs/cern.ch/user/a/akotsoke/directory/build/CMakeFiles/CMakeTmp/testCCompiler.c
Linking C executable cmTC_5a979
/cvmfs/atlas.cern.ch/repo/ATLASLocalRootBase/x86_64/Cmake/3.11.0/Linux-x86_64/bin/cmake -E cmake_link_script CMakeFiles/cmTC_5a979.dir/link.txt --verbose=1
/cvmfs/atlas.cern.ch/repo/sw/software/21.2/sw/lcg/releases/gcc/6.2binutils/x86_64-slc6-gcc62-opt/bin/gcc      -rdynamic CMakeFiles/cmTC_5a979.dir/testCCompiler.c.o  -o cmTC_5a979 
gmake[1]: Leaving directory `/afs/cern.ch/user/a/akotsoke/directory/build/CMakeFiles/CMakeTmp'


Detecting C compiler ABI info compiled with the following output:
Change Dir: /afs/cern.ch/user/a/akotsoke/directory/build/CMakeFiles/CMakeTmp

Run Build Command:"/usr/bin/gmake" "cmTC_817c9/fast"
/usr/bin/gmake -f CMakeFiles/cmTC_817c9.dir/build.make CMakeFiles/cmTC_817c9.dir/build
gmake[1]: Entering directory `/afs/cern.ch/user/a/akotsoke/directory/build/CMakeFiles/CMakeTmp'
Building C object CMakeFiles/cmTC_817c9.dir/CMakeCCompilerABI.c.o
/cvmfs/atlas.cern.ch/repo/sw/software/21.2/sw/lcg/releases/gcc/6.2binutils/x86_64-slc6-gcc62-opt/bin/gcc    -o CMakeFiles/cmTC_817c9.dir/CMakeCCompilerABI.c.o   -c /cvmfs/atlas.cern.ch/repo/ATLASLocalRootBase/x86_64/Cmake/3.11.0/Linux-x86_64/share/cmake-3.11/Modules/CMakeCCompilerABI.c
Linking C executable cmTC_817c9
/cvmfs/atlas.cern.ch/repo/ATLASLocalRootBase/x86_64/Cmake/3.11.0/Linux-x86_64/bin/cmake -E cmake_link_script CMakeFiles/cmTC_817c9.dir/link.txt --verbose=1
/cvmfs/atlas.cern.ch/repo/sw/software/21.2/sw/lcg/releases/gcc/6.2binutils/x86_64-slc6-gcc62-opt/bin/gcc     -v -rdynamic CMakeFiles/cmTC_817c9.dir/CMakeCCompilerABI.c.o  -o cmTC_817c9 
Using built-in specs.
COLLECT_GCC=/cvmfs/atlas.cern.ch/repo/sw/software/21.2/sw/lcg/releases/gcc/6.2binutils/x86_64-slc6-gcc62-opt/bin/gcc
COLLECT_LTO_WRAPPER=/cvmfs/atlas.cern.ch/repo/sw/software/21.2/sw/lcg/releases/gcc/6.2binutils/x86_64-slc6-gcc62-opt/bin/../libexec/gcc/x86_64-pc-linux-gnu/6.2.0/lto-wrapper
Target: x86_64-pc-linux-gnu
Configured with: ../gcc-6.2.0/configure --prefix=/build/pmendez-sftnight/install-gcc620binutils -with-system-zlib --disable-multilib --enable-languages=all --with-gnu-ld --with-ld=/cvmfs/sft.cern.ch/lcg/contrib/bintuils/2.28/x86_64-slc6/bin/ld -with-gnu-as --with-gold=/cvmfs/sft.cern.ch/lcg/contrib/bintuils/2.28/x86_64-slc6/bin/ld.gold --with-as=/cvmfs/sft.cern.ch/lcg/contrib/bintuils/2.28/x86_64-slc6/bin/as --enable-gold --enable-ld
Thread model: posix
gcc version 6.2.0 (GCC) 
COMPILER_PATH=/cvmfs/atlas.cern.ch/repo/sw/software/21.2/sw/lcg/releases/gcc/6.2binutils/x86_64-slc6-gcc62-opt/bin/../libexec/gcc/x86_64-pc-linux-gnu/6.2.0/:/cvmfs/atlas.cern.ch/repo/sw/software/21.2/sw/lcg/releases/gcc/6.2binutils/x86_64-slc6-gcc62-opt/bin/../libexec/gcc/
LIBRARY_PATH=/cvmfs/atlas.cern.ch/repo/sw/software/21.2/sw/lcg/releases/gcc/6.2binutils/x86_64-slc6-gcc62-opt/bin/../lib/gcc/x86_64-pc-linux-gnu/6.2.0/:/cvmfs/atlas.cern.ch/repo/sw/software/21.2/sw/lcg/releases/gcc/6.2binutils/x86_64-slc6-gcc62-opt/bin/../lib/gcc/:/cvmfs/atlas.cern.ch/repo/sw/software/21.2/sw/lcg/releases/gcc/6.2binutils/x86_64-slc6-gcc62-opt/bin/../lib/gcc/x86_64-pc-linux-gnu/6.2.0/../../../../lib64/:/lib/../lib64/:/usr/lib/../lib64/:/cvmfs/atlas.cern.ch/repo/sw/software/21.2/sw/lcg/releases/gcc/6.2binutils/x86_64-slc6-gcc62-opt/bin/../lib/gcc/x86_64-pc-linux-gnu/6.2.0/../../../:/lib/:/usr/lib/
COLLECT_GCC_OPTIONS='-v' '-rdynamic' '-o' 'cmTC_817c9' '-mtune=generic' '-march=x86-64'
 /cvmfs/atlas.cern.ch/repo/sw/software/21.2/sw/lcg/releases/gcc/6.2binutils/x86_64-slc6-gcc62-opt/bin/../libexec/gcc/x86_64-pc-linux-gnu/6.2.0/collect2 -plugin /cvmfs/atlas.cern.ch/repo/sw/software/21.2/sw/lcg/releases/gcc/6.2binutils/x86_64-slc6-gcc62-opt/bin/../libexec/gcc/x86_64-pc-linux-gnu/6.2.0/liblto_plugin.so -plugin-opt=/cvmfs/atlas.cern.ch/repo/sw/software/21.2/sw/lcg/releases/gcc/6.2binutils/x86_64-slc6-gcc62-opt/bin/../libexec/gcc/x86_64-pc-linux-gnu/6.2.0/lto-wrapper -plugin-opt=-fresolution=/tmp/akotsoke/ccHmhoNC.res -plugin-opt=-pass-through=-lgcc -plugin-opt=-pass-through=-lgcc_s -plugin-opt=-pass-through=-lc -plugin-opt=-pass-through=-lgcc -plugin-opt=-pass-through=-lgcc_s --eh-frame-hdr -m elf_x86_64 -export-dynamic -dynamic-linker /lib64/ld-linux-x86-64.so.2 -o cmTC_817c9 /usr/lib/../lib64/crt1.o /usr/lib/../lib64/crti.o /cvmfs/atlas.cern.ch/repo/sw/software/21.2/sw/lcg/releases/gcc/6.2binutils/x86_64-slc6-gcc62-opt/bin/../lib/gcc/x86_64-pc-linux-gnu/6.2.0/crtbegin.o -L/cvmfs/atlas.cern.ch/repo/sw/software/21.2/sw/lcg/releases/gcc/6.2binutils/x86_64-slc6-gcc62-opt/bin/../lib/gcc/x86_64-pc-linux-gnu/6.2.0 -L/cvmfs/atlas.cern.ch/repo/sw/software/21.2/sw/lcg/releases/gcc/6.2binutils/x86_64-slc6-gcc62-opt/bin/../lib/gcc -L/cvmfs/atlas.cern.ch/repo/sw/software/21.2/sw/lcg/releases/gcc/6.2binutils/x86_64-slc6-gcc62-opt/bin/../lib/gcc/x86_64-pc-linux-gnu/6.2.0/../../../../lib64 -L/lib/../lib64 -L/usr/lib/../lib64 -L/cvmfs/atlas.cern.ch/repo/sw/software/21.2/sw/lcg/releases/gcc/6.2binutils/x86_64-slc6-gcc62-opt/bin/../lib/gcc/x86_64-pc-linux-gnu/6.2.0/../../.. CMakeFiles/cmTC_817c9.dir/CMakeCCompilerABI.c.o -lgcc --as-needed -lgcc_s --no-as-needed -lc -lgcc --as-needed -lgcc_s --no-as-needed /cvmfs/atlas.cern.ch/repo/sw/software/21.2/sw/lcg/releases/gcc/6.2binutils/x86_64-slc6-gcc62-opt/bin/../lib/gcc/x86_64-pc-linux-gnu/6.2.0/crtend.o /usr/lib/../lib64/crtn.o
COLLECT_GCC_OPTIONS='-v' '-rdynamic' '-o' 'cmTC_817c9' '-mtune=generic' '-march=x86-64'
gmake[1]: Leaving directory `/afs/cern.ch/user/a/akotsoke/directory/build/CMakeFiles/CMakeTmp'


Parsed C implicit link information from above output:
  link line regex: [^( *|.*[/\])(ld|CMAKE_LINK_STARTFILE-NOTFOUND|([^/\]+-)?ld|collect2)[^/\]*( |$)]
  ignore line: [Change Dir: /afs/cern.ch/user/a/akotsoke/directory/build/CMakeFiles/CMakeTmp]
  ignore line: []
  ignore line: [Run Build Command:"/usr/bin/gmake" "cmTC_817c9/fast"]
  ignore line: [/usr/bin/gmake -f CMakeFiles/cmTC_817c9.dir/build.make CMakeFiles/cmTC_817c9.dir/build]
  ignore line: [gmake[1]: Entering directory `/afs/cern.ch/user/a/akotsoke/directory/build/CMakeFiles/CMakeTmp']
  ignore line: [Building C object CMakeFiles/cmTC_817c9.dir/CMakeCCompilerABI.c.o]
  ignore line: [/cvmfs/atlas.cern.ch/repo/sw/software/21.2/sw/lcg/releases/gcc/6.2binutils/x86_64-slc6-gcc62-opt/bin/gcc    -o CMakeFiles/cmTC_817c9.dir/CMakeCCompilerABI.c.o   -c /cvmfs/atlas.cern.ch/repo/ATLASLocalRootBase/x86_64/Cmake/3.11.0/Linux-x86_64/share/cmake-3.11/Modules/CMakeCCompilerABI.c]
  ignore line: [Linking C executable cmTC_817c9]
  ignore line: [/cvmfs/atlas.cern.ch/repo/ATLASLocalRootBase/x86_64/Cmake/3.11.0/Linux-x86_64/bin/cmake -E cmake_link_script CMakeFiles/cmTC_817c9.dir/link.txt --verbose=1]
  ignore line: [/cvmfs/atlas.cern.ch/repo/sw/software/21.2/sw/lcg/releases/gcc/6.2binutils/x86_64-slc6-gcc62-opt/bin/gcc     -v -rdynamic CMakeFiles/cmTC_817c9.dir/CMakeCCompilerABI.c.o  -o cmTC_817c9 ]
  ignore line: [Using built-in specs.]
  ignore line: [COLLECT_GCC=/cvmfs/atlas.cern.ch/repo/sw/software/21.2/sw/lcg/releases/gcc/6.2binutils/x86_64-slc6-gcc62-opt/bin/gcc]
  ignore line: [COLLECT_LTO_WRAPPER=/cvmfs/atlas.cern.ch/repo/sw/software/21.2/sw/lcg/releases/gcc/6.2binutils/x86_64-slc6-gcc62-opt/bin/../libexec/gcc/x86_64-pc-linux-gnu/6.2.0/lto-wrapper]
  ignore line: [Target: x86_64-pc-linux-gnu]
  ignore line: [Configured with: ../gcc-6.2.0/configure --prefix=/build/pmendez-sftnight/install-gcc620binutils -with-system-zlib --disable-multilib --enable-languages=all --with-gnu-ld --with-ld=/cvmfs/sft.cern.ch/lcg/contrib/bintuils/2.28/x86_64-slc6/bin/ld -with-gnu-as --with-gold=/cvmfs/sft.cern.ch/lcg/contrib/bintuils/2.28/x86_64-slc6/bin/ld.gold --with-as=/cvmfs/sft.cern.ch/lcg/contrib/bintuils/2.28/x86_64-slc6/bin/as --enable-gold --enable-ld]
  ignore line: [Thread model: posix]
  ignore line: [gcc version 6.2.0 (GCC) ]
  ignore line: [COMPILER_PATH=/cvmfs/atlas.cern.ch/repo/sw/software/21.2/sw/lcg/releases/gcc/6.2binutils/x86_64-slc6-gcc62-opt/bin/../libexec/gcc/x86_64-pc-linux-gnu/6.2.0/:/cvmfs/atlas.cern.ch/repo/sw/software/21.2/sw/lcg/releases/gcc/6.2binutils/x86_64-slc6-gcc62-opt/bin/../libexec/gcc/]
  ignore line: [LIBRARY_PATH=/cvmfs/atlas.cern.ch/repo/sw/software/21.2/sw/lcg/releases/gcc/6.2binutils/x86_64-slc6-gcc62-opt/bin/../lib/gcc/x86_64-pc-linux-gnu/6.2.0/:/cvmfs/atlas.cern.ch/repo/sw/software/21.2/sw/lcg/releases/gcc/6.2binutils/x86_64-slc6-gcc62-opt/bin/../lib/gcc/:/cvmfs/atlas.cern.ch/repo/sw/software/21.2/sw/lcg/releases/gcc/6.2binutils/x86_64-slc6-gcc62-opt/bin/../lib/gcc/x86_64-pc-linux-gnu/6.2.0/../../../../lib64/:/lib/../lib64/:/usr/lib/../lib64/:/cvmfs/atlas.cern.ch/repo/sw/software/21.2/sw/lcg/releases/gcc/6.2binutils/x86_64-slc6-gcc62-opt/bin/../lib/gcc/x86_64-pc-linux-gnu/6.2.0/../../../:/lib/:/usr/lib/]
  ignore line: [COLLECT_GCC_OPTIONS='-v' '-rdynamic' '-o' 'cmTC_817c9' '-mtune=generic' '-march=x86-64']
  link line: [ /cvmfs/atlas.cern.ch/repo/sw/software/21.2/sw/lcg/releases/gcc/6.2binutils/x86_64-slc6-gcc62-opt/bin/../libexec/gcc/x86_64-pc-linux-gnu/6.2.0/collect2 -plugin /cvmfs/atlas.cern.ch/repo/sw/software/21.2/sw/lcg/releases/gcc/6.2binutils/x86_64-slc6-gcc62-opt/bin/../libexec/gcc/x86_64-pc-linux-gnu/6.2.0/liblto_plugin.so -plugin-opt=/cvmfs/atlas.cern.ch/repo/sw/software/21.2/sw/lcg/releases/gcc/6.2binutils/x86_64-slc6-gcc62-opt/bin/../libexec/gcc/x86_64-pc-linux-gnu/6.2.0/lto-wrapper -plugin-opt=-fresolution=/tmp/akotsoke/ccHmhoNC.res -plugin-opt=-pass-through=-lgcc -plugin-opt=-pass-through=-lgcc_s -plugin-opt=-pass-through=-lc -plugin-opt=-pass-through=-lgcc -plugin-opt=-pass-through=-lgcc_s --eh-frame-hdr -m elf_x86_64 -export-dynamic -dynamic-linker /lib64/ld-linux-x86-64.so.2 -o cmTC_817c9 /usr/lib/../lib64/crt1.o /usr/lib/../lib64/crti.o /cvmfs/atlas.cern.ch/repo/sw/software/21.2/sw/lcg/releases/gcc/6.2binutils/x86_64-slc6-gcc62-opt/bin/../lib/gcc/x86_64-pc-linux-gnu/6.2.0/crtbegin.o -L/cvmfs/atlas.cern.ch/repo/sw/software/21.2/sw/lcg/releases/gcc/6.2binutils/x86_64-slc6-gcc62-opt/bin/../lib/gcc/x86_64-pc-linux-gnu/6.2.0 -L/cvmfs/atlas.cern.ch/repo/sw/software/21.2/sw/lcg/releases/gcc/6.2binutils/x86_64-slc6-gcc62-opt/bin/../lib/gcc -L/cvmfs/atlas.cern.ch/repo/sw/software/21.2/sw/lcg/releases/gcc/6.2binutils/x86_64-slc6-gcc62-opt/bin/../lib/gcc/x86_64-pc-linux-gnu/6.2.0/../../../../lib64 -L/lib/../lib64 -L/usr/lib/../lib64 -L/cvmfs/atlas.cern.ch/repo/sw/software/21.2/sw/lcg/releases/gcc/6.2binutils/x86_64-slc6-gcc62-opt/bin/../lib/gcc/x86_64-pc-linux-gnu/6.2.0/../../.. CMakeFiles/cmTC_817c9.dir/CMakeCCompilerABI.c.o -lgcc --as-needed -lgcc_s --no-as-needed -lc -lgcc --as-needed -lgcc_s --no-as-needed /cvmfs/atlas.cern.ch/repo/sw/software/21.2/sw/lcg/releases/gcc/6.2binutils/x86_64-slc6-gcc62-opt/bin/../lib/gcc/x86_64-pc-linux-gnu/6.2.0/crtend.o /usr/lib/../lib64/crtn.o]
    arg [/cvmfs/atlas.cern.ch/repo/sw/software/21.2/sw/lcg/releases/gcc/6.2binutils/x86_64-slc6-gcc62-opt/bin/../libexec/gcc/x86_64-pc-linux-gnu/6.2.0/collect2] ==> ignore
    arg [-plugin] ==> ignore
    arg [/cvmfs/atlas.cern.ch/repo/sw/software/21.2/sw/lcg/releases/gcc/6.2binutils/x86_64-slc6-gcc62-opt/bin/../libexec/gcc/x86_64-pc-linux-gnu/6.2.0/liblto_plugin.so] ==> ignore
    arg [-plugin-opt=/cvmfs/atlas.cern.ch/repo/sw/software/21.2/sw/lcg/releases/gcc/6.2binutils/x86_64-slc6-gcc62-opt/bin/../libexec/gcc/x86_64-pc-linux-gnu/6.2.0/lto-wrapper] ==> ignore
    arg [-plugin-opt=-fresolution=/tmp/akotsoke/ccHmhoNC.res] ==> ignore
    arg [-plugin-opt=-pass-through=-lgcc] ==> ignore
    arg [-plugin-opt=-pass-through=-lgcc_s] ==> ignore
    arg [-plugin-opt=-pass-through=-lc] ==> ignore
    arg [-plugin-opt=-pass-through=-lgcc] ==> ignore
    arg [-plugin-opt=-pass-through=-lgcc_s] ==> ignore
    arg [--eh-frame-hdr] ==> ignore
    arg [-m] ==> ignore
    arg [elf_x86_64] ==> ignore
    arg [-export-dynamic] ==> ignore
    arg [-dynamic-linker] ==> ignore
    arg [/lib64/ld-linux-x86-64.so.2] ==> ignore
    arg [-o] ==> ignore
    arg [cmTC_817c9] ==> ignore
    arg [/usr/lib/../lib64/crt1.o] ==> ignore
    arg [/usr/lib/../lib64/crti.o] ==> ignore
    arg [/cvmfs/atlas.cern.ch/repo/sw/software/21.2/sw/lcg/releases/gcc/6.2binutils/x86_64-slc6-gcc62-opt/bin/../lib/gcc/x86_64-pc-linux-gnu/6.2.0/crtbegin.o] ==> ignore
    arg [-L/cvmfs/atlas.cern.ch/repo/sw/software/21.2/sw/lcg/releases/gcc/6.2binutils/x86_64-slc6-gcc62-opt/bin/../lib/gcc/x86_64-pc-linux-gnu/6.2.0] ==> dir [/cvmfs/atlas.cern.ch/repo/sw/software/21.2/sw/lcg/releases/gcc/6.2binutils/x86_64-slc6-gcc62-opt/bin/../lib/gcc/x86_64-pc-linux-gnu/6.2.0]
    arg [-L/cvmfs/atlas.cern.ch/repo/sw/software/21.2/sw/lcg/releases/gcc/6.2binutils/x86_64-slc6-gcc62-opt/bin/../lib/gcc] ==> dir [/cvmfs/atlas.cern.ch/repo/sw/software/21.2/sw/lcg/releases/gcc/6.2binutils/x86_64-slc6-gcc62-opt/bin/../lib/gcc]
    arg [-L/cvmfs/atlas.cern.ch/repo/sw/software/21.2/sw/lcg/releases/gcc/6.2binutils/x86_64-slc6-gcc62-opt/bin/../lib/gcc/x86_64-pc-linux-gnu/6.2.0/../../../../lib64] ==> dir [/cvmfs/atlas.cern.ch/repo/sw/software/21.2/sw/lcg/releases/gcc/6.2binutils/x86_64-slc6-gcc62-opt/bin/../lib/gcc/x86_64-pc-linux-gnu/6.2.0/../../../../lib64]
    arg [-L/lib/../lib64] ==> dir [/lib/../lib64]
    arg [-L/usr/lib/../lib64] ==> dir [/usr/lib/../lib64]
    arg [-L/cvmfs/atlas.cern.ch/repo/sw/software/21.2/sw/lcg/releases/gcc/6.2binutils/x86_64-slc6-gcc62-opt/bin/../lib/gcc/x86_64-pc-linux-gnu/6.2.0/../../..] ==> dir [/cvmfs/atlas.cern.ch/repo/sw/software/21.2/sw/lcg/releases/gcc/6.2binutils/x86_64-slc6-gcc62-opt/bin/../lib/gcc/x86_64-pc-linux-gnu/6.2.0/../../..]
    arg [CMakeFiles/cmTC_817c9.dir/CMakeCCompilerABI.c.o] ==> ignore
    arg [-lgcc] ==> lib [gcc]
    arg [--as-needed] ==> ignore
    arg [-lgcc_s] ==> lib [gcc_s]
    arg [--no-as-needed] ==> ignore
    arg [-lc] ==> lib [c]
    arg [-lgcc] ==> lib [gcc]
    arg [--as-needed] ==> ignore
    arg [-lgcc_s] ==> lib [gcc_s]
    arg [--no-as-needed] ==> ignore
    arg [/cvmfs/atlas.cern.ch/repo/sw/software/21.2/sw/lcg/releases/gcc/6.2binutils/x86_64-slc6-gcc62-opt/bin/../lib/gcc/x86_64-pc-linux-gnu/6.2.0/crtend.o] ==> ignore
    arg [/usr/lib/../lib64/crtn.o] ==> ignore
  collapse library dir [/cvmfs/atlas.cern.ch/repo/sw/software/21.2/sw/lcg/releases/gcc/6.2binutils/x86_64-slc6-gcc62-opt/bin/../lib/gcc/x86_64-pc-linux-gnu/6.2.0] ==> [/cvmfs/atlas.cern.ch/repo/sw/software/21.2/sw/lcg/releases/gcc/6.2binutils/x86_64-slc6-gcc62-opt/lib/gcc/x86_64-pc-linux-gnu/6.2.0]
  collapse library dir [/cvmfs/atlas.cern.ch/repo/sw/software/21.2/sw/lcg/releases/gcc/6.2binutils/x86_64-slc6-gcc62-opt/bin/../lib/gcc] ==> [/cvmfs/atlas.cern.ch/repo/sw/software/21.2/sw/lcg/releases/gcc/6.2binutils/x86_64-slc6-gcc62-opt/lib/gcc]
  collapse library dir [/cvmfs/atlas.cern.ch/repo/sw/software/21.2/sw/lcg/releases/gcc/6.2binutils/x86_64-slc6-gcc62-opt/bin/../lib/gcc/x86_64-pc-linux-gnu/6.2.0/../../../../lib64] ==> [/cvmfs/atlas.cern.ch/repo/sw/software/21.2/sw/lcg/releases/gcc/6.2binutils/x86_64-slc6-gcc62-opt/lib64]
  collapse library dir [/lib/../lib64] ==> [/lib64]
  collapse library dir [/usr/lib/../lib64] ==> [/usr/lib64]
  collapse library dir [/cvmfs/atlas.cern.ch/repo/sw/software/21.2/sw/lcg/releases/gcc/6.2binutils/x86_64-slc6-gcc62-opt/bin/../lib/gcc/x86_64-pc-linux-gnu/6.2.0/../../..] ==> [/cvmfs/atlas.cern.ch/repo/sw/software/21.2/sw/lcg/releases/gcc/6.2binutils/x86_64-slc6-gcc62-opt/lib]
  implicit libs: [gcc;gcc_s;c;gcc;gcc_s]
  implicit dirs: [/cvmfs/atlas.cern.ch/repo/sw/software/21.2/sw/lcg/releases/gcc/6.2binutils/x86_64-slc6-gcc62-opt/lib/gcc/x86_64-pc-linux-gnu/6.2.0;/cvmfs/atlas.cern.ch/repo/sw/software/21.2/sw/lcg/releases/gcc/6.2binutils/x86_64-slc6-gcc62-opt/lib/gcc;/cvmfs/atlas.cern.ch/repo/sw/software/21.2/sw/lcg/releases/gcc/6.2binutils/x86_64-slc6-gcc62-opt/lib64;/lib64;/usr/lib64;/cvmfs/atlas.cern.ch/repo/sw/software/21.2/sw/lcg/releases/gcc/6.2binutils/x86_64-slc6-gcc62-opt/lib]
  implicit fwks: []




Detecting C [-std=c11] compiler features compiled with the following output:
Change Dir: /afs/cern.ch/user/a/akotsoke/directory/build/CMakeFiles/CMakeTmp

Run Build Command:"/usr/bin/gmake" "cmTC_72609/fast"
/usr/bin/gmake -f CMakeFiles/cmTC_72609.dir/build.make CMakeFiles/cmTC_72609.dir/build
gmake[1]: Entering directory `/afs/cern.ch/user/a/akotsoke/directory/build/CMakeFiles/CMakeTmp'
Building C object CMakeFiles/cmTC_72609.dir/feature_tests.c.o
/cvmfs/atlas.cern.ch/repo/sw/software/21.2/sw/lcg/releases/gcc/6.2binutils/x86_64-slc6-gcc62-opt/bin/gcc   -std=c11 -o CMakeFiles/cmTC_72609.dir/feature_tests.c.o   -c /afs/cern.ch/user/a/akotsoke/directory/build/CMakeFiles/feature_tests.c
Linking C executable cmTC_72609
/cvmfs/atlas.cern.ch/repo/ATLASLocalRootBase/x86_64/Cmake/3.11.0/Linux-x86_64/bin/cmake -E cmake_link_script CMakeFiles/cmTC_72609.dir/link.txt --verbose=1
/cvmfs/atlas.cern.ch/repo/sw/software/21.2/sw/lcg/releases/gcc/6.2binutils/x86_64-slc6-gcc62-opt/bin/gcc      -rdynamic CMakeFiles/cmTC_72609.dir/feature_tests.c.o  -o cmTC_72609 
gmake[1]: Leaving directory `/afs/cern.ch/user/a/akotsoke/directory/build/CMakeFiles/CMakeTmp'


    Feature record: C_FEATURE:1c_function_prototypes
    Feature record: C_FEATURE:1c_restrict
    Feature record: C_FEATURE:1c_static_assert
    Feature record: C_FEATURE:1c_variadic_macros


Detecting C [-std=c99] compiler features compiled with the following output:
Change Dir: /afs/cern.ch/user/a/akotsoke/directory/build/CMakeFiles/CMakeTmp

Run Build Command:"/usr/bin/gmake" "cmTC_57b67/fast"
/usr/bin/gmake -f CMakeFiles/cmTC_57b67.dir/build.make CMakeFiles/cmTC_57b67.dir/build
gmake[1]: Entering directory `/afs/cern.ch/user/a/akotsoke/directory/build/CMakeFiles/CMakeTmp'
Building C object CMakeFiles/cmTC_57b67.dir/feature_tests.c.o
/cvmfs/atlas.cern.ch/repo/sw/software/21.2/sw/lcg/releases/gcc/6.2binutils/x86_64-slc6-gcc62-opt/bin/gcc   -std=c99 -o CMakeFiles/cmTC_57b67.dir/feature_tests.c.o   -c /afs/cern.ch/user/a/akotsoke/directory/build/CMakeFiles/feature_tests.c
Linking C executable cmTC_57b67
/cvmfs/atlas.cern.ch/repo/ATLASLocalRootBase/x86_64/Cmake/3.11.0/Linux-x86_64/bin/cmake -E cmake_link_script CMakeFiles/cmTC_57b67.dir/link.txt --verbose=1
/cvmfs/atlas.cern.ch/repo/sw/software/21.2/sw/lcg/releases/gcc/6.2binutils/x86_64-slc6-gcc62-opt/bin/gcc      -rdynamic CMakeFiles/cmTC_57b67.dir/feature_tests.c.o  -o cmTC_57b67 
gmake[1]: Leaving directory `/afs/cern.ch/user/a/akotsoke/directory/build/CMakeFiles/CMakeTmp'


    Feature record: C_FEATURE:1c_function_prototypes
    Feature record: C_FEATURE:1c_restrict
    Feature record: C_FEATURE:0c_static_assert
    Feature record: C_FEATURE:1c_variadic_macros


Detecting C [-std=c90] compiler features compiled with the following output:
Change Dir: /afs/cern.ch/user/a/akotsoke/directory/build/CMakeFiles/CMakeTmp

Run Build Command:"/usr/bin/gmake" "cmTC_6194b/fast"
/usr/bin/gmake -f CMakeFiles/cmTC_6194b.dir/build.make CMakeFiles/cmTC_6194b.dir/build
gmake[1]: Entering directory `/afs/cern.ch/user/a/akotsoke/directory/build/CMakeFiles/CMakeTmp'
Building C object CMakeFiles/cmTC_6194b.dir/feature_tests.c.o
/cvmfs/atlas.cern.ch/repo/sw/software/21.2/sw/lcg/releases/gcc/6.2binutils/x86_64-slc6-gcc62-opt/bin/gcc   -std=c90 -o CMakeFiles/cmTC_6194b.dir/feature_tests.c.o   -c /afs/cern.ch/user/a/akotsoke/directory/build/CMakeFiles/feature_tests.c
Linking C executable cmTC_6194b
/cvmfs/atlas.cern.ch/repo/ATLASLocalRootBase/x86_64/Cmake/3.11.0/Linux-x86_64/bin/cmake -E cmake_link_script CMakeFiles/cmTC_6194b.dir/link.txt --verbose=1
/cvmfs/atlas.cern.ch/repo/sw/software/21.2/sw/lcg/releases/gcc/6.2binutils/x86_64-slc6-gcc62-opt/bin/gcc      -rdynamic CMakeFiles/cmTC_6194b.dir/feature_tests.c.o  -o cmTC_6194b 
gmake[1]: Leaving directory `/afs/cern.ch/user/a/akotsoke/directory/build/CMakeFiles/CMakeTmp'


    Feature record: C_FEATURE:1c_function_prototypes
    Feature record: C_FEATURE:0c_restrict
    Feature record: C_FEATURE:0c_static_assert
    Feature record: C_FEATURE:0c_variadic_macros
Determining if the CXX compiler works passed with the following output:
Change Dir: /afs/cern.ch/user/a/akotsoke/directory/build/CMakeFiles/CMakeTmp

Run Build Command:"/usr/bin/gmake" "cmTC_1a110/fast"
/usr/bin/gmake -f CMakeFiles/cmTC_1a110.dir/build.make CMakeFiles/cmTC_1a110.dir/build
gmake[1]: Entering directory `/afs/cern.ch/user/a/akotsoke/directory/build/CMakeFiles/CMakeTmp'
Building CXX object CMakeFiles/cmTC_1a110.dir/testCXXCompiler.cxx.o
/cvmfs/atlas.cern.ch/repo/sw/software/21.2/sw/lcg/releases/gcc/6.2binutils/x86_64-slc6-gcc62-opt/bin/g++     -o CMakeFiles/cmTC_1a110.dir/testCXXCompiler.cxx.o -c /afs/cern.ch/user/a/akotsoke/directory/build/CMakeFiles/CMakeTmp/testCXXCompiler.cxx
Linking CXX executable cmTC_1a110
/cvmfs/atlas.cern.ch/repo/ATLASLocalRootBase/x86_64/Cmake/3.11.0/Linux-x86_64/bin/cmake -E cmake_link_script CMakeFiles/cmTC_1a110.dir/link.txt --verbose=1
/cvmfs/atlas.cern.ch/repo/sw/software/21.2/sw/lcg/releases/gcc/6.2binutils/x86_64-slc6-gcc62-opt/bin/g++       -rdynamic CMakeFiles/cmTC_1a110.dir/testCXXCompiler.cxx.o  -o cmTC_1a110 
gmake[1]: Leaving directory `/afs/cern.ch/user/a/akotsoke/directory/build/CMakeFiles/CMakeTmp'


Detecting CXX compiler ABI info compiled with the following output:
Change Dir: /afs/cern.ch/user/a/akotsoke/directory/build/CMakeFiles/CMakeTmp

Run Build Command:"/usr/bin/gmake" "cmTC_f9cbf/fast"
/usr/bin/gmake -f CMakeFiles/cmTC_f9cbf.dir/build.make CMakeFiles/cmTC_f9cbf.dir/build
gmake[1]: Entering directory `/afs/cern.ch/user/a/akotsoke/directory/build/CMakeFiles/CMakeTmp'
Building CXX object CMakeFiles/cmTC_f9cbf.dir/CMakeCXXCompilerABI.cpp.o
/cvmfs/atlas.cern.ch/repo/sw/software/21.2/sw/lcg/releases/gcc/6.2binutils/x86_64-slc6-gcc62-opt/bin/g++     -o CMakeFiles/cmTC_f9cbf.dir/CMakeCXXCompilerABI.cpp.o -c /cvmfs/atlas.cern.ch/repo/ATLASLocalRootBase/x86_64/Cmake/3.11.0/Linux-x86_64/share/cmake-3.11/Modules/CMakeCXXCompilerABI.cpp
Linking CXX executable cmTC_f9cbf
/cvmfs/atlas.cern.ch/repo/ATLASLocalRootBase/x86_64/Cmake/3.11.0/Linux-x86_64/bin/cmake -E cmake_link_script CMakeFiles/cmTC_f9cbf.dir/link.txt --verbose=1
/cvmfs/atlas.cern.ch/repo/sw/software/21.2/sw/lcg/releases/gcc/6.2binutils/x86_64-slc6-gcc62-opt/bin/g++      -v -rdynamic CMakeFiles/cmTC_f9cbf.dir/CMakeCXXCompilerABI.cpp.o  -o cmTC_f9cbf 
Using built-in specs.
COLLECT_GCC=/cvmfs/atlas.cern.ch/repo/sw/software/21.2/sw/lcg/releases/gcc/6.2binutils/x86_64-slc6-gcc62-opt/bin/g++
COLLECT_LTO_WRAPPER=/cvmfs/atlas.cern.ch/repo/sw/software/21.2/sw/lcg/releases/gcc/6.2binutils/x86_64-slc6-gcc62-opt/bin/../libexec/gcc/x86_64-pc-linux-gnu/6.2.0/lto-wrapper
Target: x86_64-pc-linux-gnu
Configured with: ../gcc-6.2.0/configure --prefix=/build/pmendez-sftnight/install-gcc620binutils -with-system-zlib --disable-multilib --enable-languages=all --with-gnu-ld --with-ld=/cvmfs/sft.cern.ch/lcg/contrib/bintuils/2.28/x86_64-slc6/bin/ld -with-gnu-as --with-gold=/cvmfs/sft.cern.ch/lcg/contrib/bintuils/2.28/x86_64-slc6/bin/ld.gold --with-as=/cvmfs/sft.cern.ch/lcg/contrib/bintuils/2.28/x86_64-slc6/bin/as --enable-gold --enable-ld
Thread model: posix
gcc version 6.2.0 (GCC) 
COMPILER_PATH=/cvmfs/atlas.cern.ch/repo/sw/software/21.2/sw/lcg/releases/gcc/6.2binutils/x86_64-slc6-gcc62-opt/bin/../libexec/gcc/x86_64-pc-linux-gnu/6.2.0/:/cvmfs/atlas.cern.ch/repo/sw/software/21.2/sw/lcg/releases/gcc/6.2binutils/x86_64-slc6-gcc62-opt/bin/../libexec/gcc/
LIBRARY_PATH=/cvmfs/atlas.cern.ch/repo/sw/software/21.2/sw/lcg/releases/gcc/6.2binutils/x86_64-slc6-gcc62-opt/bin/../lib/gcc/x86_64-pc-linux-gnu/6.2.0/:/cvmfs/atlas.cern.ch/repo/sw/software/21.2/sw/lcg/releases/gcc/6.2binutils/x86_64-slc6-gcc62-opt/bin/../lib/gcc/:/cvmfs/atlas.cern.ch/repo/sw/software/21.2/sw/lcg/releases/gcc/6.2binutils/x86_64-slc6-gcc62-opt/bin/../lib/gcc/x86_64-pc-linux-gnu/6.2.0/../../../../lib64/:/lib/../lib64/:/usr/lib/../lib64/:/cvmfs/atlas.cern.ch/repo/sw/software/21.2/sw/lcg/releases/gcc/6.2binutils/x86_64-slc6-gcc62-opt/bin/../lib/gcc/x86_64-pc-linux-gnu/6.2.0/../../../:/lib/:/usr/lib/
COLLECT_GCC_OPTIONS='-v' '-rdynamic' '-o' 'cmTC_f9cbf' '-shared-libgcc' '-mtune=generic' '-march=x86-64'
 /cvmfs/atlas.cern.ch/repo/sw/software/21.2/sw/lcg/releases/gcc/6.2binutils/x86_64-slc6-gcc62-opt/bin/../libexec/gcc/x86_64-pc-linux-gnu/6.2.0/collect2 -plugin /cvmfs/atlas.cern.ch/repo/sw/software/21.2/sw/lcg/releases/gcc/6.2binutils/x86_64-slc6-gcc62-opt/bin/../libexec/gcc/x86_64-pc-linux-gnu/6.2.0/liblto_plugin.so -plugin-opt=/cvmfs/atlas.cern.ch/repo/sw/software/21.2/sw/lcg/releases/gcc/6.2binutils/x86_64-slc6-gcc62-opt/bin/../libexec/gcc/x86_64-pc-linux-gnu/6.2.0/lto-wrapper -plugin-opt=-fresolution=/tmp/akotsoke/ccXDxHp6.res -plugin-opt=-pass-through=-lgcc_s -plugin-opt=-pass-through=-lgcc -plugin-opt=-pass-through=-lc -plugin-opt=-pass-through=-lgcc_s -plugin-opt=-pass-through=-lgcc --eh-frame-hdr -m elf_x86_64 -export-dynamic -dynamic-linker /lib64/ld-linux-x86-64.so.2 -o cmTC_f9cbf /usr/lib/../lib64/crt1.o /usr/lib/../lib64/crti.o /cvmfs/atlas.cern.ch/repo/sw/software/21.2/sw/lcg/releases/gcc/6.2binutils/x86_64-slc6-gcc62-opt/bin/../lib/gcc/x86_64-pc-linux-gnu/6.2.0/crtbegin.o -L/cvmfs/atlas.cern.ch/repo/sw/software/21.2/sw/lcg/releases/gcc/6.2binutils/x86_64-slc6-gcc62-opt/bin/../lib/gcc/x86_64-pc-linux-gnu/6.2.0 -L/cvmfs/atlas.cern.ch/repo/sw/software/21.2/sw/lcg/releases/gcc/6.2binutils/x86_64-slc6-gcc62-opt/bin/../lib/gcc -L/cvmfs/atlas.cern.ch/repo/sw/software/21.2/sw/lcg/releases/gcc/6.2binutils/x86_64-slc6-gcc62-opt/bin/../lib/gcc/x86_64-pc-linux-gnu/6.2.0/../../../../lib64 -L/lib/../lib64 -L/usr/lib/../lib64 -L/cvmfs/atlas.cern.ch/repo/sw/software/21.2/sw/lcg/releases/gcc/6.2binutils/x86_64-slc6-gcc62-opt/bin/../lib/gcc/x86_64-pc-linux-gnu/6.2.0/../../.. CMakeFiles/cmTC_f9cbf.dir/CMakeCXXCompilerABI.cpp.o -lstdc++ -lm -lgcc_s -lgcc -lc -lgcc_s -lgcc /cvmfs/atlas.cern.ch/repo/sw/software/21.2/sw/lcg/releases/gcc/6.2binutils/x86_64-slc6-gcc62-opt/bin/../lib/gcc/x86_64-pc-linux-gnu/6.2.0/crtend.o /usr/lib/../lib64/crtn.o
COLLECT_GCC_OPTIONS='-v' '-rdynamic' '-o' 'cmTC_f9cbf' '-shared-libgcc' '-mtune=generic' '-march=x86-64'
gmake[1]: Leaving directory `/afs/cern.ch/user/a/akotsoke/directory/build/CMakeFiles/CMakeTmp'


Parsed CXX implicit link information from above output:
  link line regex: [^( *|.*[/\])(ld|CMAKE_LINK_STARTFILE-NOTFOUND|([^/\]+-)?ld|collect2)[^/\]*( |$)]
  ignore line: [Change Dir: /afs/cern.ch/user/a/akotsoke/directory/build/CMakeFiles/CMakeTmp]
  ignore line: []
  ignore line: [Run Build Command:"/usr/bin/gmake" "cmTC_f9cbf/fast"]
  ignore line: [/usr/bin/gmake -f CMakeFiles/cmTC_f9cbf.dir/build.make CMakeFiles/cmTC_f9cbf.dir/build]
  ignore line: [gmake[1]: Entering directory `/afs/cern.ch/user/a/akotsoke/directory/build/CMakeFiles/CMakeTmp']
  ignore line: [Building CXX object CMakeFiles/cmTC_f9cbf.dir/CMakeCXXCompilerABI.cpp.o]
  ignore line: [/cvmfs/atlas.cern.ch/repo/sw/software/21.2/sw/lcg/releases/gcc/6.2binutils/x86_64-slc6-gcc62-opt/bin/g++     -o CMakeFiles/cmTC_f9cbf.dir/CMakeCXXCompilerABI.cpp.o -c /cvmfs/atlas.cern.ch/repo/ATLASLocalRootBase/x86_64/Cmake/3.11.0/Linux-x86_64/share/cmake-3.11/Modules/CMakeCXXCompilerABI.cpp]
  ignore line: [Linking CXX executable cmTC_f9cbf]
  ignore line: [/cvmfs/atlas.cern.ch/repo/ATLASLocalRootBase/x86_64/Cmake/3.11.0/Linux-x86_64/bin/cmake -E cmake_link_script CMakeFiles/cmTC_f9cbf.dir/link.txt --verbose=1]
  ignore line: [/cvmfs/atlas.cern.ch/repo/sw/software/21.2/sw/lcg/releases/gcc/6.2binutils/x86_64-slc6-gcc62-opt/bin/g++      -v -rdynamic CMakeFiles/cmTC_f9cbf.dir/CMakeCXXCompilerABI.cpp.o  -o cmTC_f9cbf ]
  ignore line: [Using built-in specs.]
  ignore line: [COLLECT_GCC=/cvmfs/atlas.cern.ch/repo/sw/software/21.2/sw/lcg/releases/gcc/6.2binutils/x86_64-slc6-gcc62-opt/bin/g++]
  ignore line: [COLLECT_LTO_WRAPPER=/cvmfs/atlas.cern.ch/repo/sw/software/21.2/sw/lcg/releases/gcc/6.2binutils/x86_64-slc6-gcc62-opt/bin/../libexec/gcc/x86_64-pc-linux-gnu/6.2.0/lto-wrapper]
  ignore line: [Target: x86_64-pc-linux-gnu]
  ignore line: [Configured with: ../gcc-6.2.0/configure --prefix=/build/pmendez-sftnight/install-gcc620binutils -with-system-zlib --disable-multilib --enable-languages=all --with-gnu-ld --with-ld=/cvmfs/sft.cern.ch/lcg/contrib/bintuils/2.28/x86_64-slc6/bin/ld -with-gnu-as --with-gold=/cvmfs/sft.cern.ch/lcg/contrib/bintuils/2.28/x86_64-slc6/bin/ld.gold --with-as=/cvmfs/sft.cern.ch/lcg/contrib/bintuils/2.28/x86_64-slc6/bin/as --enable-gold --enable-ld]
  ignore line: [Thread model: posix]
  ignore line: [gcc version 6.2.0 (GCC) ]
  ignore line: [COMPILER_PATH=/cvmfs/atlas.cern.ch/repo/sw/software/21.2/sw/lcg/releases/gcc/6.2binutils/x86_64-slc6-gcc62-opt/bin/../libexec/gcc/x86_64-pc-linux-gnu/6.2.0/:/cvmfs/atlas.cern.ch/repo/sw/software/21.2/sw/lcg/releases/gcc/6.2binutils/x86_64-slc6-gcc62-opt/bin/../libexec/gcc/]
  ignore line: [LIBRARY_PATH=/cvmfs/atlas.cern.ch/repo/sw/software/21.2/sw/lcg/releases/gcc/6.2binutils/x86_64-slc6-gcc62-opt/bin/../lib/gcc/x86_64-pc-linux-gnu/6.2.0/:/cvmfs/atlas.cern.ch/repo/sw/software/21.2/sw/lcg/releases/gcc/6.2binutils/x86_64-slc6-gcc62-opt/bin/../lib/gcc/:/cvmfs/atlas.cern.ch/repo/sw/software/21.2/sw/lcg/releases/gcc/6.2binutils/x86_64-slc6-gcc62-opt/bin/../lib/gcc/x86_64-pc-linux-gnu/6.2.0/../../../../lib64/:/lib/../lib64/:/usr/lib/../lib64/:/cvmfs/atlas.cern.ch/repo/sw/software/21.2/sw/lcg/releases/gcc/6.2binutils/x86_64-slc6-gcc62-opt/bin/../lib/gcc/x86_64-pc-linux-gnu/6.2.0/../../../:/lib/:/usr/lib/]
  ignore line: [COLLECT_GCC_OPTIONS='-v' '-rdynamic' '-o' 'cmTC_f9cbf' '-shared-libgcc' '-mtune=generic' '-march=x86-64']
  link line: [ /cvmfs/atlas.cern.ch/repo/sw/software/21.2/sw/lcg/releases/gcc/6.2binutils/x86_64-slc6-gcc62-opt/bin/../libexec/gcc/x86_64-pc-linux-gnu/6.2.0/collect2 -plugin /cvmfs/atlas.cern.ch/repo/sw/software/21.2/sw/lcg/releases/gcc/6.2binutils/x86_64-slc6-gcc62-opt/bin/../libexec/gcc/x86_64-pc-linux-gnu/6.2.0/liblto_plugin.so -plugin-opt=/cvmfs/atlas.cern.ch/repo/sw/software/21.2/sw/lcg/releases/gcc/6.2binutils/x86_64-slc6-gcc62-opt/bin/../libexec/gcc/x86_64-pc-linux-gnu/6.2.0/lto-wrapper -plugin-opt=-fresolution=/tmp/akotsoke/ccXDxHp6.res -plugin-opt=-pass-through=-lgcc_s -plugin-opt=-pass-through=-lgcc -plugin-opt=-pass-through=-lc -plugin-opt=-pass-through=-lgcc_s -plugin-opt=-pass-through=-lgcc --eh-frame-hdr -m elf_x86_64 -export-dynamic -dynamic-linker /lib64/ld-linux-x86-64.so.2 -o cmTC_f9cbf /usr/lib/../lib64/crt1.o /usr/lib/../lib64/crti.o /cvmfs/atlas.cern.ch/repo/sw/software/21.2/sw/lcg/releases/gcc/6.2binutils/x86_64-slc6-gcc62-opt/bin/../lib/gcc/x86_64-pc-linux-gnu/6.2.0/crtbegin.o -L/cvmfs/atlas.cern.ch/repo/sw/software/21.2/sw/lcg/releases/gcc/6.2binutils/x86_64-slc6-gcc62-opt/bin/../lib/gcc/x86_64-pc-linux-gnu/6.2.0 -L/cvmfs/atlas.cern.ch/repo/sw/software/21.2/sw/lcg/releases/gcc/6.2binutils/x86_64-slc6-gcc62-opt/bin/../lib/gcc -L/cvmfs/atlas.cern.ch/repo/sw/software/21.2/sw/lcg/releases/gcc/6.2binutils/x86_64-slc6-gcc62-opt/bin/../lib/gcc/x86_64-pc-linux-gnu/6.2.0/../../../../lib64 -L/lib/../lib64 -L/usr/lib/../lib64 -L/cvmfs/atlas.cern.ch/repo/sw/software/21.2/sw/lcg/releases/gcc/6.2binutils/x86_64-slc6-gcc62-opt/bin/../lib/gcc/x86_64-pc-linux-gnu/6.2.0/../../.. CMakeFiles/cmTC_f9cbf.dir/CMakeCXXCompilerABI.cpp.o -lstdc++ -lm -lgcc_s -lgcc -lc -lgcc_s -lgcc /cvmfs/atlas.cern.ch/repo/sw/software/21.2/sw/lcg/releases/gcc/6.2binutils/x86_64-slc6-gcc62-opt/bin/../lib/gcc/x86_64-pc-linux-gnu/6.2.0/crtend.o /usr/lib/../lib64/crtn.o]
    arg [/cvmfs/atlas.cern.ch/repo/sw/software/21.2/sw/lcg/releases/gcc/6.2binutils/x86_64-slc6-gcc62-opt/bin/../libexec/gcc/x86_64-pc-linux-gnu/6.2.0/collect2] ==> ignore
    arg [-plugin] ==> ignore
    arg [/cvmfs/atlas.cern.ch/repo/sw/software/21.2/sw/lcg/releases/gcc/6.2binutils/x86_64-slc6-gcc62-opt/bin/../libexec/gcc/x86_64-pc-linux-gnu/6.2.0/liblto_plugin.so] ==> ignore
    arg [-plugin-opt=/cvmfs/atlas.cern.ch/repo/sw/software/21.2/sw/lcg/releases/gcc/6.2binutils/x86_64-slc6-gcc62-opt/bin/../libexec/gcc/x86_64-pc-linux-gnu/6.2.0/lto-wrapper] ==> ignore
    arg [-plugin-opt=-fresolution=/tmp/akotsoke/ccXDxHp6.res] ==> ignore
    arg [-plugin-opt=-pass-through=-lgcc_s] ==> ignore
    arg [-plugin-opt=-pass-through=-lgcc] ==> ignore
    arg [-plugin-opt=-pass-through=-lc] ==> ignore
    arg [-plugin-opt=-pass-through=-lgcc_s] ==> ignore
    arg [-plugin-opt=-pass-through=-lgcc] ==> ignore
    arg [--eh-frame-hdr] ==> ignore
    arg [-m] ==> ignore
    arg [elf_x86_64] ==> ignore
    arg [-export-dynamic] ==> ignore
    arg [-dynamic-linker] ==> ignore
    arg [/lib64/ld-linux-x86-64.so.2] ==> ignore
    arg [-o] ==> ignore
    arg [cmTC_f9cbf] ==> ignore
    arg [/usr/lib/../lib64/crt1.o] ==> ignore
    arg [/usr/lib/../lib64/crti.o] ==> ignore
    arg [/cvmfs/atlas.cern.ch/repo/sw/software/21.2/sw/lcg/releases/gcc/6.2binutils/x86_64-slc6-gcc62-opt/bin/../lib/gcc/x86_64-pc-linux-gnu/6.2.0/crtbegin.o] ==> ignore
    arg [-L/cvmfs/atlas.cern.ch/repo/sw/software/21.2/sw/lcg/releases/gcc/6.2binutils/x86_64-slc6-gcc62-opt/bin/../lib/gcc/x86_64-pc-linux-gnu/6.2.0] ==> dir [/cvmfs/atlas.cern.ch/repo/sw/software/21.2/sw/lcg/releases/gcc/6.2binutils/x86_64-slc6-gcc62-opt/bin/../lib/gcc/x86_64-pc-linux-gnu/6.2.0]
    arg [-L/cvmfs/atlas.cern.ch/repo/sw/software/21.2/sw/lcg/releases/gcc/6.2binutils/x86_64-slc6-gcc62-opt/bin/../lib/gcc] ==> dir [/cvmfs/atlas.cern.ch/repo/sw/software/21.2/sw/lcg/releases/gcc/6.2binutils/x86_64-slc6-gcc62-opt/bin/../lib/gcc]
    arg [-L/cvmfs/atlas.cern.ch/repo/sw/software/21.2/sw/lcg/releases/gcc/6.2binutils/x86_64-slc6-gcc62-opt/bin/../lib/gcc/x86_64-pc-linux-gnu/6.2.0/../../../../lib64] ==> dir [/cvmfs/atlas.cern.ch/repo/sw/software/21.2/sw/lcg/releases/gcc/6.2binutils/x86_64-slc6-gcc62-opt/bin/../lib/gcc/x86_64-pc-linux-gnu/6.2.0/../../../../lib64]
    arg [-L/lib/../lib64] ==> dir [/lib/../lib64]
    arg [-L/usr/lib/../lib64] ==> dir [/usr/lib/../lib64]
    arg [-L/cvmfs/atlas.cern.ch/repo/sw/software/21.2/sw/lcg/releases/gcc/6.2binutils/x86_64-slc6-gcc62-opt/bin/../lib/gcc/x86_64-pc-linux-gnu/6.2.0/../../..] ==> dir [/cvmfs/atlas.cern.ch/repo/sw/software/21.2/sw/lcg/releases/gcc/6.2binutils/x86_64-slc6-gcc62-opt/bin/../lib/gcc/x86_64-pc-linux-gnu/6.2.0/../../..]
    arg [CMakeFiles/cmTC_f9cbf.dir/CMakeCXXCompilerABI.cpp.o] ==> ignore
    arg [-lstdc++] ==> lib [stdc++]
    arg [-lm] ==> lib [m]
    arg [-lgcc_s] ==> lib [gcc_s]
    arg [-lgcc] ==> lib [gcc]
    arg [-lc] ==> lib [c]
    arg [-lgcc_s] ==> lib [gcc_s]
    arg [-lgcc] ==> lib [gcc]
    arg [/cvmfs/atlas.cern.ch/repo/sw/software/21.2/sw/lcg/releases/gcc/6.2binutils/x86_64-slc6-gcc62-opt/bin/../lib/gcc/x86_64-pc-linux-gnu/6.2.0/crtend.o] ==> ignore
    arg [/usr/lib/../lib64/crtn.o] ==> ignore
  collapse library dir [/cvmfs/atlas.cern.ch/repo/sw/software/21.2/sw/lcg/releases/gcc/6.2binutils/x86_64-slc6-gcc62-opt/bin/../lib/gcc/x86_64-pc-linux-gnu/6.2.0] ==> [/cvmfs/atlas.cern.ch/repo/sw/software/21.2/sw/lcg/releases/gcc/6.2binutils/x86_64-slc6-gcc62-opt/lib/gcc/x86_64-pc-linux-gnu/6.2.0]
  collapse library dir [/cvmfs/atlas.cern.ch/repo/sw/software/21.2/sw/lcg/releases/gcc/6.2binutils/x86_64-slc6-gcc62-opt/bin/../lib/gcc] ==> [/cvmfs/atlas.cern.ch/repo/sw/software/21.2/sw/lcg/releases/gcc/6.2binutils/x86_64-slc6-gcc62-opt/lib/gcc]
  collapse library dir [/cvmfs/atlas.cern.ch/repo/sw/software/21.2/sw/lcg/releases/gcc/6.2binutils/x86_64-slc6-gcc62-opt/bin/../lib/gcc/x86_64-pc-linux-gnu/6.2.0/../../../../lib64] ==> [/cvmfs/atlas.cern.ch/repo/sw/software/21.2/sw/lcg/releases/gcc/6.2binutils/x86_64-slc6-gcc62-opt/lib64]
  collapse library dir [/lib/../lib64] ==> [/lib64]
  collapse library dir [/usr/lib/../lib64] ==> [/usr/lib64]
  collapse library dir [/cvmfs/atlas.cern.ch/repo/sw/software/21.2/sw/lcg/releases/gcc/6.2binutils/x86_64-slc6-gcc62-opt/bin/../lib/gcc/x86_64-pc-linux-gnu/6.2.0/../../..] ==> [/cvmfs/atlas.cern.ch/repo/sw/software/21.2/sw/lcg/releases/gcc/6.2binutils/x86_64-slc6-gcc62-opt/lib]
  implicit libs: [stdc++;m;gcc_s;gcc;c;gcc_s;gcc]
  implicit dirs: [/cvmfs/atlas.cern.ch/repo/sw/software/21.2/sw/lcg/releases/gcc/6.2binutils/x86_64-slc6-gcc62-opt/lib/gcc/x86_64-pc-linux-gnu/6.2.0;/cvmfs/atlas.cern.ch/repo/sw/software/21.2/sw/lcg/releases/gcc/6.2binutils/x86_64-slc6-gcc62-opt/lib/gcc;/cvmfs/atlas.cern.ch/repo/sw/software/21.2/sw/lcg/releases/gcc/6.2binutils/x86_64-slc6-gcc62-opt/lib64;/lib64;/usr/lib64;/cvmfs/atlas.cern.ch/repo/sw/software/21.2/sw/lcg/releases/gcc/6.2binutils/x86_64-slc6-gcc62-opt/lib]
  implicit fwks: []




Detecting CXX [-std=c++1z] compiler features compiled with the following output:
Change Dir: /afs/cern.ch/user/a/akotsoke/directory/build/CMakeFiles/CMakeTmp

Run Build Command:"/usr/bin/gmake" "cmTC_a7235/fast"
/usr/bin/gmake -f CMakeFiles/cmTC_a7235.dir/build.make CMakeFiles/cmTC_a7235.dir/build
gmake[1]: Entering directory `/afs/cern.ch/user/a/akotsoke/directory/build/CMakeFiles/CMakeTmp'
Building CXX object CMakeFiles/cmTC_a7235.dir/feature_tests.cxx.o
/cvmfs/atlas.cern.ch/repo/sw/software/21.2/sw/lcg/releases/gcc/6.2binutils/x86_64-slc6-gcc62-opt/bin/g++    -std=c++1z -o CMakeFiles/cmTC_a7235.dir/feature_tests.cxx.o -c /afs/cern.ch/user/a/akotsoke/directory/build/CMakeFiles/feature_tests.cxx
Linking CXX executable cmTC_a7235
/cvmfs/atlas.cern.ch/repo/ATLASLocalRootBase/x86_64/Cmake/3.11.0/Linux-x86_64/bin/cmake -E cmake_link_script CMakeFiles/cmTC_a7235.dir/link.txt --verbose=1
/cvmfs/atlas.cern.ch/repo/sw/software/21.2/sw/lcg/releases/gcc/6.2binutils/x86_64-slc6-gcc62-opt/bin/g++       -rdynamic CMakeFiles/cmTC_a7235.dir/feature_tests.cxx.o  -o cmTC_a7235 
gmake[1]: Leaving directory `/afs/cern.ch/user/a/akotsoke/directory/build/CMakeFiles/CMakeTmp'


    Feature record: CXX_FEATURE:1cxx_aggregate_default_initializers
    Feature record: CXX_FEATURE:1cxx_alias_templates
    Feature record: CXX_FEATURE:1cxx_alignas
    Feature record: CXX_FEATURE:1cxx_alignof
    Feature record: CXX_FEATURE:1cxx_attributes
    Feature record: CXX_FEATURE:1cxx_attribute_deprecated
    Feature record: CXX_FEATURE:1cxx_auto_type
    Feature record: CXX_FEATURE:1cxx_binary_literals
    Feature record: CXX_FEATURE:1cxx_constexpr
    Feature record: CXX_FEATURE:1cxx_contextual_conversions
    Feature record: CXX_FEATURE:1cxx_decltype
    Feature record: CXX_FEATURE:1cxx_decltype_auto
    Feature record: CXX_FEATURE:1cxx_decltype_incomplete_return_types
    Feature record: CXX_FEATURE:1cxx_default_function_template_args
    Feature record: CXX_FEATURE:1cxx_defaulted_functions
    Feature record: CXX_FEATURE:1cxx_defaulted_move_initializers
    Feature record: CXX_FEATURE:1cxx_delegating_constructors
    Feature record: CXX_FEATURE:1cxx_deleted_functions
    Feature record: CXX_FEATURE:1cxx_digit_separators
    Feature record: CXX_FEATURE:1cxx_enum_forward_declarations
    Feature record: CXX_FEATURE:1cxx_explicit_conversions
    Feature record: CXX_FEATURE:1cxx_extended_friend_declarations
    Feature record: CXX_FEATURE:1cxx_extern_templates
    Feature record: CXX_FEATURE:1cxx_final
    Feature record: CXX_FEATURE:1cxx_func_identifier
    Feature record: CXX_FEATURE:1cxx_generalized_initializers
    Feature record: CXX_FEATURE:1cxx_generic_lambdas
    Feature record: CXX_FEATURE:1cxx_inheriting_constructors
    Feature record: CXX_FEATURE:1cxx_inline_namespaces
    Feature record: CXX_FEATURE:1cxx_lambdas
    Feature record: CXX_FEATURE:1cxx_lambda_init_captures
    Feature record: CXX_FEATURE:1cxx_local_type_template_args
    Feature record: CXX_FEATURE:1cxx_long_long_type
    Feature record: CXX_FEATURE:1cxx_noexcept
    Feature record: CXX_FEATURE:1cxx_nonstatic_member_init
    Feature record: CXX_FEATURE:1cxx_nullptr
    Feature record: CXX_FEATURE:1cxx_override
    Feature record: CXX_FEATURE:1cxx_range_for
    Feature record: CXX_FEATURE:1cxx_raw_string_literals
    Feature record: CXX_FEATURE:1cxx_reference_qualified_functions
    Feature record: CXX_FEATURE:1cxx_relaxed_constexpr
    Feature record: CXX_FEATURE:1cxx_return_type_deduction
    Feature record: CXX_FEATURE:1cxx_right_angle_brackets
    Feature record: CXX_FEATURE:1cxx_rvalue_references
    Feature record: CXX_FEATURE:1cxx_sizeof_member
    Feature record: CXX_FEATURE:1cxx_static_assert
    Feature record: CXX_FEATURE:1cxx_strong_enums
    Feature record: CXX_FEATURE:1cxx_template_template_parameters
    Feature record: CXX_FEATURE:1cxx_thread_local
    Feature record: CXX_FEATURE:1cxx_trailing_return_types
    Feature record: CXX_FEATURE:1cxx_unicode_literals
    Feature record: CXX_FEATURE:1cxx_uniform_initialization
    Feature record: CXX_FEATURE:1cxx_unrestricted_unions
    Feature record: CXX_FEATURE:1cxx_user_literals
    Feature record: CXX_FEATURE:1cxx_variable_templates
    Feature record: CXX_FEATURE:1cxx_variadic_macros
    Feature record: CXX_FEATURE:1cxx_variadic_templates


Detecting CXX [-std=c++14] compiler features compiled with the following output:
Change Dir: /afs/cern.ch/user/a/akotsoke/directory/build/CMakeFiles/CMakeTmp

Run Build Command:"/usr/bin/gmake" "cmTC_9c9a8/fast"
/usr/bin/gmake -f CMakeFiles/cmTC_9c9a8.dir/build.make CMakeFiles/cmTC_9c9a8.dir/build
gmake[1]: Entering directory `/afs/cern.ch/user/a/akotsoke/directory/build/CMakeFiles/CMakeTmp'
Building CXX object CMakeFiles/cmTC_9c9a8.dir/feature_tests.cxx.o
/cvmfs/atlas.cern.ch/repo/sw/software/21.2/sw/lcg/releases/gcc/6.2binutils/x86_64-slc6-gcc62-opt/bin/g++    -std=c++14 -o CMakeFiles/cmTC_9c9a8.dir/feature_tests.cxx.o -c /afs/cern.ch/user/a/akotsoke/directory/build/CMakeFiles/feature_tests.cxx
Linking CXX executable cmTC_9c9a8
/cvmfs/atlas.cern.ch/repo/ATLASLocalRootBase/x86_64/Cmake/3.11.0/Linux-x86_64/bin/cmake -E cmake_link_script CMakeFiles/cmTC_9c9a8.dir/link.txt --verbose=1
/cvmfs/atlas.cern.ch/repo/sw/software/21.2/sw/lcg/releases/gcc/6.2binutils/x86_64-slc6-gcc62-opt/bin/g++       -rdynamic CMakeFiles/cmTC_9c9a8.dir/feature_tests.cxx.o  -o cmTC_9c9a8 
gmake[1]: Leaving directory `/afs/cern.ch/user/a/akotsoke/directory/build/CMakeFiles/CMakeTmp'


    Feature record: CXX_FEATURE:1cxx_aggregate_default_initializers
    Feature record: CXX_FEATURE:1cxx_alias_templates
    Feature record: CXX_FEATURE:1cxx_alignas
    Feature record: CXX_FEATURE:1cxx_alignof
    Feature record: CXX_FEATURE:1cxx_attributes
    Feature record: CXX_FEATURE:1cxx_attribute_deprecated
    Feature record: CXX_FEATURE:1cxx_auto_type
    Feature record: CXX_FEATURE:1cxx_binary_literals
    Feature record: CXX_FEATURE:1cxx_constexpr
    Feature record: CXX_FEATURE:1cxx_contextual_conversions
    Feature record: CXX_FEATURE:1cxx_decltype
    Feature record: CXX_FEATURE:1cxx_decltype_auto
    Feature record: CXX_FEATURE:1cxx_decltype_incomplete_return_types
    Feature record: CXX_FEATURE:1cxx_default_function_template_args
    Feature record: CXX_FEATURE:1cxx_defaulted_functions
    Feature record: CXX_FEATURE:1cxx_defaulted_move_initializers
    Feature record: CXX_FEATURE:1cxx_delegating_constructors
    Feature record: CXX_FEATURE:1cxx_deleted_functions
    Feature record: CXX_FEATURE:1cxx_digit_separators
    Feature record: CXX_FEATURE:1cxx_enum_forward_declarations
    Feature record: CXX_FEATURE:1cxx_explicit_conversions
    Feature record: CXX_FEATURE:1cxx_extended_friend_declarations
    Feature record: CXX_FEATURE:1cxx_extern_templates
    Feature record: CXX_FEATURE:1cxx_final
    Feature record: CXX_FEATURE:1cxx_func_identifier
    Feature record: CXX_FEATURE:1cxx_generalized_initializers
    Feature record: CXX_FEATURE:1cxx_generic_lambdas
    Feature record: CXX_FEATURE:1cxx_inheriting_constructors
    Feature record: CXX_FEATURE:1cxx_inline_namespaces
    Feature record: CXX_FEATURE:1cxx_lambdas
    Feature record: CXX_FEATURE:1cxx_lambda_init_captures
    Feature record: CXX_FEATURE:1cxx_local_type_template_args
    Feature record: CXX_FEATURE:1cxx_long_long_type
    Feature record: CXX_FEATURE:1cxx_noexcept
    Feature record: CXX_FEATURE:1cxx_nonstatic_member_init
    Feature record: CXX_FEATURE:1cxx_nullptr
    Feature record: CXX_FEATURE:1cxx_override
    Feature record: CXX_FEATURE:1cxx_range_for
    Feature record: CXX_FEATURE:1cxx_raw_string_literals
    Feature record: CXX_FEATURE:1cxx_reference_qualified_functions
    Feature record: CXX_FEATURE:1cxx_relaxed_constexpr
    Feature record: CXX_FEATURE:1cxx_return_type_deduction
    Feature record: CXX_FEATURE:1cxx_right_angle_brackets
    Feature record: CXX_FEATURE:1cxx_rvalue_references
    Feature record: CXX_FEATURE:1cxx_sizeof_member
    Feature record: CXX_FEATURE:1cxx_static_assert
    Feature record: CXX_FEATURE:1cxx_strong_enums
    Feature record: CXX_FEATURE:1cxx_template_template_parameters
    Feature record: CXX_FEATURE:1cxx_thread_local
    Feature record: CXX_FEATURE:1cxx_trailing_return_types
    Feature record: CXX_FEATURE:1cxx_unicode_literals
    Feature record: CXX_FEATURE:1cxx_uniform_initialization
    Feature record: CXX_FEATURE:1cxx_unrestricted_unions
    Feature record: CXX_FEATURE:1cxx_user_literals
    Feature record: CXX_FEATURE:1cxx_variable_templates
    Feature record: CXX_FEATURE:1cxx_variadic_macros
    Feature record: CXX_FEATURE:1cxx_variadic_templates


Detecting CXX [-std=c++11] compiler features compiled with the following output:
Change Dir: /afs/cern.ch/user/a/akotsoke/directory/build/CMakeFiles/CMakeTmp

Run Build Command:"/usr/bin/gmake" "cmTC_e4d02/fast"
/usr/bin/gmake -f CMakeFiles/cmTC_e4d02.dir/build.make CMakeFiles/cmTC_e4d02.dir/build
gmake[1]: Entering directory `/afs/cern.ch/user/a/akotsoke/directory/build/CMakeFiles/CMakeTmp'
Building CXX object CMakeFiles/cmTC_e4d02.dir/feature_tests.cxx.o
/cvmfs/atlas.cern.ch/repo/sw/software/21.2/sw/lcg/releases/gcc/6.2binutils/x86_64-slc6-gcc62-opt/bin/g++    -std=c++11 -o CMakeFiles/cmTC_e4d02.dir/feature_tests.cxx.o -c /afs/cern.ch/user/a/akotsoke/directory/build/CMakeFiles/feature_tests.cxx
Linking CXX executable cmTC_e4d02
/cvmfs/atlas.cern.ch/repo/ATLASLocalRootBase/x86_64/Cmake/3.11.0/Linux-x86_64/bin/cmake -E cmake_link_script CMakeFiles/cmTC_e4d02.dir/link.txt --verbose=1
/cvmfs/atlas.cern.ch/repo/sw/software/21.2/sw/lcg/releases/gcc/6.2binutils/x86_64-slc6-gcc62-opt/bin/g++       -rdynamic CMakeFiles/cmTC_e4d02.dir/feature_tests.cxx.o  -o cmTC_e4d02 
gmake[1]: Leaving directory `/afs/cern.ch/user/a/akotsoke/directory/build/CMakeFiles/CMakeTmp'


    Feature record: CXX_FEATURE:0cxx_aggregate_default_initializers
    Feature record: CXX_FEATURE:1cxx_alias_templates
    Feature record: CXX_FEATURE:1cxx_alignas
    Feature record: CXX_FEATURE:1cxx_alignof
    Feature record: CXX_FEATURE:1cxx_attributes
    Feature record: CXX_FEATURE:0cxx_attribute_deprecated
    Feature record: CXX_FEATURE:1cxx_auto_type
    Feature record: CXX_FEATURE:0cxx_binary_literals
    Feature record: CXX_FEATURE:1cxx_constexpr
    Feature record: CXX_FEATURE:0cxx_contextual_conversions
    Feature record: CXX_FEATURE:1cxx_decltype
    Feature record: CXX_FEATURE:0cxx_decltype_auto
    Feature record: CXX_FEATURE:1cxx_decltype_incomplete_return_types
    Feature record: CXX_FEATURE:1cxx_default_function_template_args
    Feature record: CXX_FEATURE:1cxx_defaulted_functions
    Feature record: CXX_FEATURE:1cxx_defaulted_move_initializers
    Feature record: CXX_FEATURE:1cxx_delegating_constructors
    Feature record: CXX_FEATURE:1cxx_deleted_functions
    Feature record: CXX_FEATURE:0cxx_digit_separators
    Feature record: CXX_FEATURE:1cxx_enum_forward_declarations
    Feature record: CXX_FEATURE:1cxx_explicit_conversions
    Feature record: CXX_FEATURE:1cxx_extended_friend_declarations
    Feature record: CXX_FEATURE:1cxx_extern_templates
    Feature record: CXX_FEATURE:1cxx_final
    Feature record: CXX_FEATURE:1cxx_func_identifier
    Feature record: CXX_FEATURE:1cxx_generalized_initializers
    Feature record: CXX_FEATURE:0cxx_generic_lambdas
    Feature record: CXX_FEATURE:1cxx_inheriting_constructors
    Feature record: CXX_FEATURE:1cxx_inline_namespaces
    Feature record: CXX_FEATURE:1cxx_lambdas
    Feature record: CXX_FEATURE:0cxx_lambda_init_captures
    Feature record: CXX_FEATURE:1cxx_local_type_template_args
    Feature record: CXX_FEATURE:1cxx_long_long_type
    Feature record: CXX_FEATURE:1cxx_noexcept
    Feature record: CXX_FEATURE:1cxx_nonstatic_member_init
    Feature record: CXX_FEATURE:1cxx_nullptr
    Feature record: CXX_FEATURE:1cxx_override
    Feature record: CXX_FEATURE:1cxx_range_for
    Feature record: CXX_FEATURE:1cxx_raw_string_literals
    Feature record: CXX_FEATURE:1cxx_reference_qualified_functions
    Feature record: CXX_FEATURE:0cxx_relaxed_constexpr
    Feature record: CXX_FEATURE:0cxx_return_type_deduction
    Feature record: CXX_FEATURE:1cxx_right_angle_brackets
    Feature record: CXX_FEATURE:1cxx_rvalue_references
    Feature record: CXX_FEATURE:1cxx_sizeof_member
    Feature record: CXX_FEATURE:1cxx_static_assert
    Feature record: CXX_FEATURE:1cxx_strong_enums
    Feature record: CXX_FEATURE:1cxx_template_template_parameters
    Feature record: CXX_FEATURE:1cxx_thread_local
    Feature record: CXX_FEATURE:1cxx_trailing_return_types
    Feature record: CXX_FEATURE:1cxx_unicode_literals
    Feature record: CXX_FEATURE:1cxx_uniform_initialization
    Feature record: CXX_FEATURE:1cxx_unrestricted_unions
    Feature record: CXX_FEATURE:1cxx_user_literals
    Feature record: CXX_FEATURE:0cxx_variable_templates
    Feature record: CXX_FEATURE:1cxx_variadic_macros
    Feature record: CXX_FEATURE:1cxx_variadic_templates


Detecting CXX [-std=c++98] compiler features compiled with the following output:
Change Dir: /afs/cern.ch/user/a/akotsoke/directory/build/CMakeFiles/CMakeTmp

Run Build Command:"/usr/bin/gmake" "cmTC_55377/fast"
/usr/bin/gmake -f CMakeFiles/cmTC_55377.dir/build.make CMakeFiles/cmTC_55377.dir/build
gmake[1]: Entering directory `/afs/cern.ch/user/a/akotsoke/directory/build/CMakeFiles/CMakeTmp'
Building CXX object CMakeFiles/cmTC_55377.dir/feature_tests.cxx.o
/cvmfs/atlas.cern.ch/repo/sw/software/21.2/sw/lcg/releases/gcc/6.2binutils/x86_64-slc6-gcc62-opt/bin/g++    -std=c++98 -o CMakeFiles/cmTC_55377.dir/feature_tests.cxx.o -c /afs/cern.ch/user/a/akotsoke/directory/build/CMakeFiles/feature_tests.cxx
Linking CXX executable cmTC_55377
/cvmfs/atlas.cern.ch/repo/ATLASLocalRootBase/x86_64/Cmake/3.11.0/Linux-x86_64/bin/cmake -E cmake_link_script CMakeFiles/cmTC_55377.dir/link.txt --verbose=1
/cvmfs/atlas.cern.ch/repo/sw/software/21.2/sw/lcg/releases/gcc/6.2binutils/x86_64-slc6-gcc62-opt/bin/g++       -rdynamic CMakeFiles/cmTC_55377.dir/feature_tests.cxx.o  -o cmTC_55377 
gmake[1]: Leaving directory `/afs/cern.ch/user/a/akotsoke/directory/build/CMakeFiles/CMakeTmp'


    Feature record: CXX_FEATURE:0cxx_aggregate_default_initializers
    Feature record: CXX_FEATURE:0cxx_alias_templates
    Feature record: CXX_FEATURE:0cxx_alignas
    Feature record: CXX_FEATURE:0cxx_alignof
    Feature record: CXX_FEATURE:0cxx_attributes
    Feature record: CXX_FEATURE:0cxx_attribute_deprecated
    Feature record: CXX_FEATURE:0cxx_auto_type
    Feature record: CXX_FEATURE:0cxx_binary_literals
    Feature record: CXX_FEATURE:0cxx_constexpr
    Feature record: CXX_FEATURE:0cxx_contextual_conversions
    Feature record: CXX_FEATURE:0cxx_decltype
    Feature record: CXX_FEATURE:0cxx_decltype_auto
    Feature record: CXX_FEATURE:0cxx_decltype_incomplete_return_types
    Feature record: CXX_FEATURE:0cxx_default_function_template_args
    Feature record: CXX_FEATURE:0cxx_defaulted_functions
    Feature record: CXX_FEATURE:0cxx_defaulted_move_initializers
    Feature record: CXX_FEATURE:0cxx_delegating_constructors
    Feature record: CXX_FEATURE:0cxx_deleted_functions
    Feature record: CXX_FEATURE:0cxx_digit_separators
    Feature record: CXX_FEATURE:0cxx_enum_forward_declarations
    Feature record: CXX_FEATURE:0cxx_explicit_conversions
    Feature record: CXX_FEATURE:0cxx_extended_friend_declarations
    Feature record: CXX_FEATURE:0cxx_extern_templates
    Feature record: CXX_FEATURE:0cxx_final
    Feature record: CXX_FEATURE:0cxx_func_identifier
    Feature record: CXX_FEATURE:0cxx_generalized_initializers
    Feature record: CXX_FEATURE:0cxx_generic_lambdas
    Feature record: CXX_FEATURE:0cxx_inheriting_constructors
    Feature record: CXX_FEATURE:0cxx_inline_namespaces
    Feature record: CXX_FEATURE:0cxx_lambdas
    Feature record: CXX_FEATURE:0cxx_lambda_init_captures
    Feature record: CXX_FEATURE:0cxx_local_type_template_args
    Feature record: CXX_FEATURE:0cxx_long_long_type
    Feature record: CXX_FEATURE:0cxx_noexcept
    Feature record: CXX_FEATURE:0cxx_nonstatic_member_init
    Feature record: CXX_FEATURE:0cxx_nullptr
    Feature record: CXX_FEATURE:0cxx_override
    Feature record: CXX_FEATURE:0cxx_range_for
    Feature record: CXX_FEATURE:0cxx_raw_string_literals
    Feature record: CXX_FEATURE:0cxx_reference_qualified_functions
    Feature record: CXX_FEATURE:0cxx_relaxed_constexpr
    Feature record: CXX_FEATURE:0cxx_return_type_deduction
    Feature record: CXX_FEATURE:0cxx_right_angle_brackets
    Feature record: CXX_FEATURE:0cxx_rvalue_references
    Feature record: CXX_FEATURE:0cxx_sizeof_member
    Feature record: CXX_FEATURE:0cxx_static_assert
    Feature record: CXX_FEATURE:0cxx_strong_enums
    Feature record: CXX_FEATURE:1cxx_template_template_parameters
    Feature record: CXX_FEATURE:0cxx_thread_local
    Feature record: CXX_FEATURE:0cxx_trailing_return_types
    Feature record: CXX_FEATURE:0cxx_unicode_literals
    Feature record: CXX_FEATURE:0cxx_uniform_initialization
    Feature record: CXX_FEATURE:0cxx_unrestricted_unions
    Feature record: CXX_FEATURE:0cxx_user_literals
    Feature record: CXX_FEATURE:0cxx_variable_templates
    Feature record: CXX_FEATURE:0cxx_variadic_macros
    Feature record: CXX_FEATURE:0cxx_variadic_templates
Determining if the include file pthread.h exists passed with the following output:
Change Dir: /afs/cern.ch/user/a/akotsoke/directory/build/CMakeFiles/CMakeTmp

Run Build Command:"/usr/bin/gmake" "cmTC_04e4b/fast"
/usr/bin/gmake -f CMakeFiles/cmTC_04e4b.dir/build.make CMakeFiles/cmTC_04e4b.dir/build
gmake[1]: Entering directory `/afs/cern.ch/user/a/akotsoke/directory/build/CMakeFiles/CMakeTmp'
Building C object CMakeFiles/cmTC_04e4b.dir/CheckIncludeFile.c.o
/cvmfs/atlas.cern.ch/repo/sw/software/21.2/sw/lcg/releases/gcc/6.2binutils/x86_64-slc6-gcc62-opt/bin/gcc    -o CMakeFiles/cmTC_04e4b.dir/CheckIncludeFile.c.o   -c /afs/cern.ch/user/a/akotsoke/directory/build/CMakeFiles/CMakeTmp/CheckIncludeFile.c
Linking C executable cmTC_04e4b
/cvmfs/atlas.cern.ch/repo/ATLASLocalRootBase/x86_64/Cmake/3.11.0/Linux-x86_64/bin/cmake -E cmake_link_script CMakeFiles/cmTC_04e4b.dir/link.txt --verbose=1
/cvmfs/atlas.cern.ch/repo/sw/software/21.2/sw/lcg/releases/gcc/6.2binutils/x86_64-slc6-gcc62-opt/bin/gcc     -Wl,--as-needed -Wl,--hash-style=both  -rdynamic CMakeFiles/cmTC_04e4b.dir/CheckIncludeFile.c.o  -o cmTC_04e4b 
gmake[1]: Leaving directory `/afs/cern.ch/user/a/akotsoke/directory/build/CMakeFiles/CMakeTmp'


